<story path="com/test/stories/ContentManagement.story" title="">
<scenario keyword="Scenario:" title="Sign In">
<step outcome="successful">Given I login in with default credentials</step>
<step outcome="successful">Given I open site</step>
<step outcome="failed" keyword="FAILED">When I set field Username: &apos;adminLogin&apos;<failure>org.openqa.selenium.NoSuchElementException: Unable to locate element: {&quot;method&quot;:&quot;id&quot;,&quot;selector&quot;:&quot;username&quot;}
Command duration or timeout: 27 milliseconds
For documentation on this error, please visit: http://seleniumhq.org/exceptions/no_such_element.html
Build info: version: &apos;2.25.0&apos;, revision: &apos;17482&apos;, time: &apos;2012-07-18 22:18:01&apos;
System info: os.name: &apos;Windows 7&apos;, os.arch: &apos;amd64&apos;, os.version: &apos;6.1&apos;, java.version: &apos;1.7.0_05&apos;
Driver info: driver.version: RemoteWebDriver
Session ID: 7b4af749-d3bb-465e-ae1c-7aeb949f9856</failure></step>
<step outcome="notPerformed" keyword="NOT PERFORMED">When I set field Password: &apos;adminPassword&apos;</step>
<step outcome="notPerformed" keyword="NOT PERFORMED">When I press <parameter>Sign In</parameter></step>
</scenario>
</story>
